{"C:\\Users\\EQUIPO\\Desktop\\Proyectos\\fullStackTest-Back\\dbConfig.js": {"path":"C:\\Users\\EQUIPO\\Desktop\\Proyectos\\fullStackTest-Back\\dbConfig.js","statementMap":{"0":{"start":{"line":1,"column":10},"end":{"line":1,"column":25}},"1":{"start":{"line":2,"column":18},"end":{"line":2,"column":38}},"2":{"start":{"line":4,"column":18},"end":{"line":4,"column":43}},"3":{"start":{"line":5,"column":18},"end":{"line":5,"column":43}},"4":{"start":{"line":6,"column":22},"end":{"line":6,"column":51}},"5":{"start":{"line":8,"column":18},"end":{"line":11,"column":2}},"6":{"start":{"line":13,"column":13},"end":{"line":13,"column":44}},"7":{"start":{"line":14,"column":13},"end":{"line":14,"column":44}},"8":{"start":{"line":15,"column":17},"end":{"line":15,"column":52}},"9":{"start":{"line":17,"column":0},"end":{"line":17,"column":48}},"10":{"start":{"line":18,"column":0},"end":{"line":18,"column":48}},"11":{"start":{"line":34,"column":0},"end":{"line":41,"column":5}},"12":{"start":{"line":40,"column":3},"end":{"line":40,"column":27}},"13":{"start":{"line":43,"column":0},"end":{"line":47,"column":2}}},"fnMap":{"0":{"name":"(anonymous_0)","decl":{"start":{"line":39,"column":8},"end":{"line":39,"column":9}},"loc":{"start":{"line":39,"column":19},"end":{"line":41,"column":3}},"line":39}},"branchMap":{},"s":{"0":1,"1":1,"2":1,"3":1,"4":1,"5":1,"6":1,"7":1,"8":1,"9":1,"10":1,"11":1,"12":0,"13":1},"f":{"0":0},"b":{},"_coverageSchema":"1a1c01bbd47fc00a2c39e90264f33305004495a9","hash":"aa4eb8eff32f5057df6b50d27e5d43b672d58160"}
,"C:\\Users\\EQUIPO\\Desktop\\Proyectos\\fullStackTest-Back\\controllers\\coinController.js": {"path":"C:\\Users\\EQUIPO\\Desktop\\Proyectos\\fullStackTest-Back\\controllers\\coinController.js","statementMap":{"0":{"start":{"line":2,"column":33},"end":{"line":2,"column":55}},"1":{"start":{"line":3,"column":14},"end":{"line":3,"column":38}},"2":{"start":{"line":5,"column":0},"end":{"line":9,"column":2}},"3":{"start":{"line":11,"column":0},"end":{"line":56,"column":2}},"4":{"start":{"line":13,"column":21},"end":{"line":13,"column":49}},"5":{"start":{"line":14,"column":16},"end":{"line":14,"column":54}},"6":{"start":{"line":15,"column":15},"end":{"line":15,"column":53}},"7":{"start":{"line":22,"column":2},"end":{"line":55,"column":3}},"8":{"start":{"line":23,"column":17},"end":{"line":23,"column":34}},"9":{"start":{"line":24,"column":23},"end":{"line":24,"column":63}},"10":{"start":{"line":25,"column":4},"end":{"line":25,"column":28}},"11":{"start":{"line":26,"column":4},"end":{"line":52,"column":5}},"12":{"start":{"line":28,"column":19},"end":{"line":34,"column":10}},"13":{"start":{"line":30,"column":10},"end":{"line":30,"column":54}},"14":{"start":{"line":33,"column":10},"end":{"line":33,"column":33}},"15":{"start":{"line":36,"column":29},"end":{"line":39,"column":7}},"16":{"start":{"line":40,"column":23},"end":{"line":48,"column":10}},"17":{"start":{"line":42,"column":10},"end":{"line":42,"column":27}},"18":{"start":{"line":43,"column":10},"end":{"line":43,"column":71}},"19":{"start":{"line":46,"column":10},"end":{"line":46,"column":30}},"20":{"start":{"line":47,"column":10},"end":{"line":47,"column":33}},"21":{"start":{"line":51,"column":6},"end":{"line":51,"column":35}},"22":{"start":{"line":54,"column":4},"end":{"line":54,"column":33}},"23":{"start":{"line":58,"column":0},"end":{"line":93,"column":2}},"24":{"start":{"line":59,"column":2},"end":{"line":92,"column":5}},"25":{"start":{"line":60,"column":18},"end":{"line":68,"column":5}},"26":{"start":{"line":70,"column":4},"end":{"line":91,"column":9}},"27":{"start":{"line":73,"column":18},"end":{"line":73,"column":29}},"28":{"start":{"line":74,"column":8},"end":{"line":86,"column":9}},"29":{"start":{"line":75,"column":20},"end":{"line":85,"column":12}},"30":{"start":{"line":76,"column":12},"end":{"line":84,"column":13}},"31":{"start":{"line":77,"column":25},"end":{"line":81,"column":15}},"32":{"start":{"line":82,"column":14},"end":{"line":82,"column":29}},"33":{"start":{"line":83,"column":14},"end":{"line":83,"column":26}},"34":{"start":{"line":87,"column":8},"end":{"line":87,"column":21}},"35":{"start":{"line":90,"column":8},"end":{"line":90,"column":38}},"36":{"start":{"line":95,"column":0},"end":{"line":132,"column":2}},"37":{"start":{"line":96,"column":16},"end":{"line":96,"column":32}},"38":{"start":{"line":97,"column":16},"end":{"line":106,"column":3}},"39":{"start":{"line":108,"column":29},"end":{"line":108,"column":57}},"40":{"start":{"line":109,"column":2},"end":{"line":109,"column":68}},"41":{"start":{"line":111,"column":16},"end":{"line":111,"column":27}},"42":{"start":{"line":112,"column":2},"end":{"line":127,"column":3}},"43":{"start":{"line":113,"column":18},"end":{"line":122,"column":5}},"44":{"start":{"line":124,"column":17},"end":{"line":124,"column":45}},"45":{"start":{"line":125,"column":4},"end":{"line":125,"column":42}},"46":{"start":{"line":126,"column":4},"end":{"line":126,"column":48}},"47":{"start":{"line":129,"column":2},"end":{"line":131,"column":5}},"48":{"start":{"line":130,"column":4},"end":{"line":130,"column":21}},"49":{"start":{"line":135,"column":2},"end":{"line":160,"column":5}},"50":{"start":{"line":136,"column":18},"end":{"line":149,"column":5}},"51":{"start":{"line":151,"column":4},"end":{"line":159,"column":9}},"52":{"start":{"line":154,"column":8},"end":{"line":154,"column":44}},"53":{"start":{"line":157,"column":8},"end":{"line":157,"column":22}},"54":{"start":{"line":158,"column":8},"end":{"line":158,"column":29}}},"fnMap":{"0":{"name":"(anonymous_0)","decl":{"start":{"line":5,"column":23},"end":{"line":5,"column":24}},"loc":{"start":{"line":5,"column":43},"end":{"line":9,"column":1}},"line":5},"1":{"name":"(anonymous_1)","decl":{"start":{"line":11,"column":24},"end":{"line":11,"column":25}},"loc":{"start":{"line":11,"column":44},"end":{"line":56,"column":1}},"line":11},"2":{"name":"(anonymous_2)","decl":{"start":{"line":29,"column":14},"end":{"line":29,"column":15}},"loc":{"start":{"line":29,"column":31},"end":{"line":31,"column":9}},"line":29},"3":{"name":"(anonymous_3)","decl":{"start":{"line":32,"column":15},"end":{"line":32,"column":16}},"loc":{"start":{"line":32,"column":28},"end":{"line":34,"column":9}},"line":32},"4":{"name":"(anonymous_4)","decl":{"start":{"line":41,"column":14},"end":{"line":41,"column":15}},"loc":{"start":{"line":41,"column":31},"end":{"line":44,"column":9}},"line":41},"5":{"name":"(anonymous_5)","decl":{"start":{"line":45,"column":15},"end":{"line":45,"column":16}},"loc":{"start":{"line":45,"column":28},"end":{"line":48,"column":9}},"line":45},"6":{"name":"(anonymous_6)","decl":{"start":{"line":58,"column":29},"end":{"line":58,"column":30}},"loc":{"start":{"line":58,"column":42},"end":{"line":93,"column":1}},"line":58},"7":{"name":"(anonymous_7)","decl":{"start":{"line":59,"column":21},"end":{"line":59,"column":22}},"loc":{"start":{"line":59,"column":42},"end":{"line":92,"column":3}},"line":59},"8":{"name":"(anonymous_8)","decl":{"start":{"line":72,"column":12},"end":{"line":72,"column":13}},"loc":{"start":{"line":72,"column":32},"end":{"line":88,"column":7}},"line":72},"9":{"name":"(anonymous_9)","decl":{"start":{"line":75,"column":47},"end":{"line":75,"column":48}},"loc":{"start":{"line":75,"column":57},"end":{"line":85,"column":11}},"line":75},"10":{"name":"(anonymous_10)","decl":{"start":{"line":89,"column":13},"end":{"line":89,"column":14}},"loc":{"start":{"line":89,"column":30},"end":{"line":91,"column":7}},"line":89},"11":{"name":"(anonymous_11)","decl":{"start":{"line":95,"column":28},"end":{"line":95,"column":29}},"loc":{"start":{"line":95,"column":63},"end":{"line":132,"column":1}},"line":95},"12":{"name":"(anonymous_12)","decl":{"start":{"line":129,"column":21},"end":{"line":129,"column":22}},"loc":{"start":{"line":129,"column":42},"end":{"line":131,"column":3}},"line":129},"13":{"name":"getToken","decl":{"start":{"line":134,"column":9},"end":{"line":134,"column":17}},"loc":{"start":{"line":134,"column":20},"end":{"line":161,"column":1}},"line":134},"14":{"name":"(anonymous_14)","decl":{"start":{"line":135,"column":21},"end":{"line":135,"column":22}},"loc":{"start":{"line":135,"column":42},"end":{"line":160,"column":3}},"line":135},"15":{"name":"(anonymous_15)","decl":{"start":{"line":153,"column":12},"end":{"line":153,"column":13}},"loc":{"start":{"line":153,"column":32},"end":{"line":155,"column":7}},"line":153},"16":{"name":"(anonymous_16)","decl":{"start":{"line":156,"column":13},"end":{"line":156,"column":14}},"loc":{"start":{"line":156,"column":30},"end":{"line":159,"column":7}},"line":156}},"branchMap":{"0":{"loc":{"start":{"line":14,"column":16},"end":{"line":14,"column":54}},"type":"binary-expr","locations":[{"start":{"line":14,"column":16},"end":{"line":14,"column":26}},{"start":{"line":14,"column":30},"end":{"line":14,"column":54}}],"line":14},"1":{"loc":{"start":{"line":22,"column":2},"end":{"line":55,"column":3}},"type":"if","locations":[{"start":{"line":22,"column":2},"end":{"line":55,"column":3}},{"start":{"line":22,"column":2},"end":{"line":55,"column":3}}],"line":22},"2":{"loc":{"start":{"line":22,"column":6},"end":{"line":22,"column":47}},"type":"binary-expr","locations":[{"start":{"line":22,"column":6},"end":{"line":22,"column":24}},{"start":{"line":22,"column":28},"end":{"line":22,"column":47}}],"line":22},"3":{"loc":{"start":{"line":26,"column":4},"end":{"line":52,"column":5}},"type":"if","locations":[{"start":{"line":26,"column":4},"end":{"line":52,"column":5}},{"start":{"line":26,"column":4},"end":{"line":52,"column":5}}],"line":26},"4":{"loc":{"start":{"line":76,"column":12},"end":{"line":84,"column":13}},"type":"if","locations":[{"start":{"line":76,"column":12},"end":{"line":84,"column":13}},{"start":{"line":76,"column":12},"end":{"line":84,"column":13}}],"line":76}},"s":{"0":1,"1":1,"2":1,"3":1,"4":0,"5":0,"6":0,"7":0,"8":0,"9":0,"10":0,"11":0,"12":0,"13":0,"14":0,"15":0,"16":0,"17":0,"18":0,"19":0,"20":0,"21":0,"22":0,"23":1,"24":1,"25":1,"26":1,"27":1,"28":1,"29":3,"30":1886,"31":3,"32":3,"33":3,"34":1,"35":0,"36":1,"37":0,"38":0,"39":0,"40":0,"41":0,"42":0,"43":0,"44":0,"45":0,"46":0,"47":0,"48":0,"49":0,"50":0,"51":0,"52":0,"53":0,"54":0},"f":{"0":0,"1":0,"2":0,"3":0,"4":0,"5":0,"6":1,"7":1,"8":1,"9":1886,"10":0,"11":0,"12":0,"13":0,"14":0,"15":0,"16":0},"b":{"0":[0,0],"1":[0,0],"2":[0,0],"3":[0,0],"4":[3,1883]},"_coverageSchema":"1a1c01bbd47fc00a2c39e90264f33305004495a9","hash":"1e51169be4319ffd2461fd20b2fd2446ff1e3a03"}
,"C:\\Users\\EQUIPO\\Desktop\\Proyectos\\fullStackTest-Back\\models\\coins.js": {"path":"C:\\Users\\EQUIPO\\Desktop\\Proyectos\\fullStackTest-Back\\models\\coins.js","statementMap":{"0":{"start":{"line":1,"column":22},"end":{"line":1,"column":42}},"1":{"start":{"line":3,"column":0},"end":{"line":19,"column":2}},"2":{"start":{"line":4,"column":2},"end":{"line":18,"column":5}}},"fnMap":{"0":{"name":"(anonymous_0)","decl":{"start":{"line":3,"column":17},"end":{"line":3,"column":18}},"loc":{"start":{"line":3,"column":38},"end":{"line":19,"column":1}},"line":3}},"branchMap":{},"s":{"0":1,"1":1,"2":1},"f":{"0":1},"b":{},"_coverageSchema":"1a1c01bbd47fc00a2c39e90264f33305004495a9","hash":"88ecf01730914979e50d6fab3e66914429157084"}
,"C:\\Users\\EQUIPO\\Desktop\\Proyectos\\fullStackTest-Back\\models\\user-coin.js": {"path":"C:\\Users\\EQUIPO\\Desktop\\Proyectos\\fullStackTest-Back\\models\\user-coin.js","statementMap":{"0":{"start":{"line":1,"column":22},"end":{"line":1,"column":42}},"1":{"start":{"line":3,"column":0},"end":{"line":11,"column":2}},"2":{"start":{"line":4,"column":2},"end":{"line":10,"column":5}}},"fnMap":{"0":{"name":"(anonymous_0)","decl":{"start":{"line":3,"column":17},"end":{"line":3,"column":18}},"loc":{"start":{"line":3,"column":38},"end":{"line":11,"column":1}},"line":3}},"branchMap":{},"s":{"0":1,"1":1,"2":1},"f":{"0":1},"b":{},"_coverageSchema":"1a1c01bbd47fc00a2c39e90264f33305004495a9","hash":"e0c99c9b01e6ef8720f64f6acbd263a70f60cfea"}
,"C:\\Users\\EQUIPO\\Desktop\\Proyectos\\fullStackTest-Back\\models\\users.js": {"path":"C:\\Users\\EQUIPO\\Desktop\\Proyectos\\fullStackTest-Back\\models\\users.js","statementMap":{"0":{"start":{"line":1,"column":22},"end":{"line":1,"column":42}},"1":{"start":{"line":3,"column":0},"end":{"line":37,"column":2}},"2":{"start":{"line":4,"column":2},"end":{"line":36,"column":5}}},"fnMap":{"0":{"name":"(anonymous_0)","decl":{"start":{"line":3,"column":17},"end":{"line":3,"column":18}},"loc":{"start":{"line":3,"column":38},"end":{"line":37,"column":1}},"line":3}},"branchMap":{},"s":{"0":1,"1":1,"2":1},"f":{"0":1},"b":{},"_coverageSchema":"1a1c01bbd47fc00a2c39e90264f33305004495a9","hash":"e37ed43b0f1a4288367b814ee2c131078a757379"}
}
