{"C:\\Users\\killerwpor\\Desktop\\AOS\\FsTest-Back\\dbConfig.js": {"path":"C:\\Users\\killerwpor\\Desktop\\AOS\\FsTest-Back\\dbConfig.js","statementMap":{"0":{"start":{"line":1,"column":10},"end":{"line":1,"column":25}},"1":{"start":{"line":2,"column":18},"end":{"line":2,"column":38}},"2":{"start":{"line":4,"column":18},"end":{"line":4,"column":43}},"3":{"start":{"line":5,"column":18},"end":{"line":5,"column":43}},"4":{"start":{"line":6,"column":22},"end":{"line":6,"column":51}},"5":{"start":{"line":8,"column":18},"end":{"line":12,"column":2}},"6":{"start":{"line":14,"column":13},"end":{"line":14,"column":44}},"7":{"start":{"line":15,"column":13},"end":{"line":15,"column":44}},"8":{"start":{"line":16,"column":17},"end":{"line":16,"column":52}},"9":{"start":{"line":18,"column":0},"end":{"line":18,"column":48}},"10":{"start":{"line":19,"column":0},"end":{"line":19,"column":48}},"11":{"start":{"line":21,"column":0},"end":{"line":28,"column":5}},"12":{"start":{"line":30,"column":0},"end":{"line":35,"column":2}}},"fnMap":{"0":{"name":"(anonymous_0)","decl":{"start":{"line":26,"column":8},"end":{"line":26,"column":9}},"loc":{"start":{"line":26,"column":20},"end":{"line":28,"column":3}},"line":26}},"branchMap":{},"s":{"0":2,"1":2,"2":2,"3":2,"4":2,"5":2,"6":2,"7":2,"8":2,"9":2,"10":2,"11":2,"12":2},"f":{"0":1},"b":{},"_coverageSchema":"1a1c01bbd47fc00a2c39e90264f33305004495a9","hash":"1dbb203ba461f3eea127485385afc1ff842779c9"}
,"C:\\Users\\killerwpor\\Desktop\\AOS\\FsTest-Back\\controllers\\coinController.js": {"path":"C:\\Users\\killerwpor\\Desktop\\AOS\\FsTest-Back\\controllers\\coinController.js","statementMap":{"0":{"start":{"line":2,"column":33},"end":{"line":2,"column":55}},"1":{"start":{"line":3,"column":14},"end":{"line":3,"column":38}},"2":{"start":{"line":5,"column":0},"end":{"line":46,"column":2}},"3":{"start":{"line":7,"column":2},"end":{"line":11,"column":3}},"4":{"start":{"line":8,"column":23},"end":{"line":8,"column":51}},"5":{"start":{"line":10,"column":4},"end":{"line":10,"column":34}},"6":{"start":{"line":13,"column":16},"end":{"line":13,"column":54}},"7":{"start":{"line":14,"column":15},"end":{"line":14,"column":53}},"8":{"start":{"line":15,"column":2},"end":{"line":45,"column":3}},"9":{"start":{"line":16,"column":17},"end":{"line":16,"column":34}},"10":{"start":{"line":17,"column":23},"end":{"line":17,"column":63}},"11":{"start":{"line":18,"column":4},"end":{"line":18,"column":28}},"12":{"start":{"line":19,"column":4},"end":{"line":42,"column":5}},"13":{"start":{"line":21,"column":19},"end":{"line":25,"column":10}},"14":{"start":{"line":24,"column":10},"end":{"line":24,"column":33}},"15":{"start":{"line":27,"column":29},"end":{"line":30,"column":7}},"16":{"start":{"line":31,"column":23},"end":{"line":38,"column":10}},"17":{"start":{"line":33,"column":10},"end":{"line":33,"column":27}},"18":{"start":{"line":36,"column":10},"end":{"line":36,"column":30}},"19":{"start":{"line":37,"column":10},"end":{"line":37,"column":33}},"20":{"start":{"line":41,"column":6},"end":{"line":41,"column":35}},"21":{"start":{"line":44,"column":4},"end":{"line":44,"column":33}},"22":{"start":{"line":48,"column":0},"end":{"line":83,"column":2}},"23":{"start":{"line":49,"column":2},"end":{"line":82,"column":5}},"24":{"start":{"line":50,"column":18},"end":{"line":58,"column":5}},"25":{"start":{"line":60,"column":4},"end":{"line":81,"column":9}},"26":{"start":{"line":63,"column":18},"end":{"line":63,"column":29}},"27":{"start":{"line":64,"column":8},"end":{"line":76,"column":9}},"28":{"start":{"line":65,"column":20},"end":{"line":75,"column":12}},"29":{"start":{"line":66,"column":12},"end":{"line":74,"column":13}},"30":{"start":{"line":67,"column":25},"end":{"line":71,"column":15}},"31":{"start":{"line":72,"column":14},"end":{"line":72,"column":29}},"32":{"start":{"line":73,"column":14},"end":{"line":73,"column":26}},"33":{"start":{"line":77,"column":8},"end":{"line":77,"column":21}},"34":{"start":{"line":80,"column":8},"end":{"line":80,"column":38}},"35":{"start":{"line":85,"column":0},"end":{"line":122,"column":2}},"36":{"start":{"line":86,"column":16},"end":{"line":86,"column":40}},"37":{"start":{"line":87,"column":16},"end":{"line":96,"column":3}},"38":{"start":{"line":98,"column":29},"end":{"line":98,"column":57}},"39":{"start":{"line":99,"column":2},"end":{"line":99,"column":68}},"40":{"start":{"line":101,"column":16},"end":{"line":101,"column":27}},"41":{"start":{"line":102,"column":2},"end":{"line":117,"column":3}},"42":{"start":{"line":103,"column":18},"end":{"line":112,"column":5}},"43":{"start":{"line":114,"column":17},"end":{"line":114,"column":45}},"44":{"start":{"line":115,"column":4},"end":{"line":115,"column":42}},"45":{"start":{"line":116,"column":4},"end":{"line":116,"column":48}},"46":{"start":{"line":119,"column":2},"end":{"line":121,"column":5}},"47":{"start":{"line":120,"column":4},"end":{"line":120,"column":21}},"48":{"start":{"line":124,"column":0},"end":{"line":151,"column":2}},"49":{"start":{"line":125,"column":2},"end":{"line":150,"column":5}},"50":{"start":{"line":126,"column":18},"end":{"line":139,"column":5}},"51":{"start":{"line":141,"column":4},"end":{"line":149,"column":9}},"52":{"start":{"line":144,"column":8},"end":{"line":144,"column":44}},"53":{"start":{"line":147,"column":8},"end":{"line":147,"column":22}},"54":{"start":{"line":148,"column":8},"end":{"line":148,"column":29}}},"fnMap":{"0":{"name":"(anonymous_0)","decl":{"start":{"line":5,"column":24},"end":{"line":5,"column":25}},"loc":{"start":{"line":5,"column":44},"end":{"line":46,"column":1}},"line":5},"1":{"name":"(anonymous_1)","decl":{"start":{"line":22,"column":14},"end":{"line":22,"column":15}},"loc":{"start":{"line":22,"column":31},"end":{"line":22,"column":33}},"line":22},"2":{"name":"(anonymous_2)","decl":{"start":{"line":23,"column":15},"end":{"line":23,"column":16}},"loc":{"start":{"line":23,"column":28},"end":{"line":25,"column":9}},"line":23},"3":{"name":"(anonymous_3)","decl":{"start":{"line":32,"column":14},"end":{"line":32,"column":15}},"loc":{"start":{"line":32,"column":31},"end":{"line":34,"column":9}},"line":32},"4":{"name":"(anonymous_4)","decl":{"start":{"line":35,"column":15},"end":{"line":35,"column":16}},"loc":{"start":{"line":35,"column":28},"end":{"line":38,"column":9}},"line":35},"5":{"name":"(anonymous_5)","decl":{"start":{"line":48,"column":29},"end":{"line":48,"column":30}},"loc":{"start":{"line":48,"column":42},"end":{"line":83,"column":1}},"line":48},"6":{"name":"(anonymous_6)","decl":{"start":{"line":49,"column":21},"end":{"line":49,"column":22}},"loc":{"start":{"line":49,"column":42},"end":{"line":82,"column":3}},"line":49},"7":{"name":"(anonymous_7)","decl":{"start":{"line":62,"column":12},"end":{"line":62,"column":13}},"loc":{"start":{"line":62,"column":32},"end":{"line":78,"column":7}},"line":62},"8":{"name":"(anonymous_8)","decl":{"start":{"line":65,"column":47},"end":{"line":65,"column":48}},"loc":{"start":{"line":65,"column":57},"end":{"line":75,"column":11}},"line":65},"9":{"name":"(anonymous_9)","decl":{"start":{"line":79,"column":13},"end":{"line":79,"column":14}},"loc":{"start":{"line":79,"column":30},"end":{"line":81,"column":7}},"line":79},"10":{"name":"(anonymous_10)","decl":{"start":{"line":85,"column":28},"end":{"line":85,"column":29}},"loc":{"start":{"line":85,"column":63},"end":{"line":122,"column":1}},"line":85},"11":{"name":"(anonymous_11)","decl":{"start":{"line":119,"column":21},"end":{"line":119,"column":22}},"loc":{"start":{"line":119,"column":42},"end":{"line":121,"column":3}},"line":119},"12":{"name":"(anonymous_12)","decl":{"start":{"line":124,"column":19},"end":{"line":124,"column":20}},"loc":{"start":{"line":124,"column":25},"end":{"line":151,"column":1}},"line":124},"13":{"name":"(anonymous_13)","decl":{"start":{"line":125,"column":21},"end":{"line":125,"column":22}},"loc":{"start":{"line":125,"column":42},"end":{"line":150,"column":3}},"line":125},"14":{"name":"(anonymous_14)","decl":{"start":{"line":143,"column":12},"end":{"line":143,"column":13}},"loc":{"start":{"line":143,"column":32},"end":{"line":145,"column":7}},"line":143},"15":{"name":"(anonymous_15)","decl":{"start":{"line":146,"column":13},"end":{"line":146,"column":14}},"loc":{"start":{"line":146,"column":30},"end":{"line":149,"column":7}},"line":146}},"branchMap":{"0":{"loc":{"start":{"line":13,"column":16},"end":{"line":13,"column":54}},"type":"binary-expr","locations":[{"start":{"line":13,"column":16},"end":{"line":13,"column":26}},{"start":{"line":13,"column":30},"end":{"line":13,"column":54}}],"line":13},"1":{"loc":{"start":{"line":15,"column":2},"end":{"line":45,"column":3}},"type":"if","locations":[{"start":{"line":15,"column":2},"end":{"line":45,"column":3}},{"start":{"line":15,"column":2},"end":{"line":45,"column":3}}],"line":15},"2":{"loc":{"start":{"line":15,"column":6},"end":{"line":15,"column":47}},"type":"binary-expr","locations":[{"start":{"line":15,"column":6},"end":{"line":15,"column":24}},{"start":{"line":15,"column":28},"end":{"line":15,"column":47}}],"line":15},"3":{"loc":{"start":{"line":19,"column":4},"end":{"line":42,"column":5}},"type":"if","locations":[{"start":{"line":19,"column":4},"end":{"line":42,"column":5}},{"start":{"line":19,"column":4},"end":{"line":42,"column":5}}],"line":19},"4":{"loc":{"start":{"line":66,"column":12},"end":{"line":74,"column":13}},"type":"if","locations":[{"start":{"line":66,"column":12},"end":{"line":74,"column":13}},{"start":{"line":66,"column":12},"end":{"line":74,"column":13}}],"line":66}},"s":{"0":2,"1":2,"2":2,"3":0,"4":0,"5":0,"6":0,"7":0,"8":0,"9":0,"10":0,"11":0,"12":0,"13":0,"14":0,"15":0,"16":0,"17":0,"18":0,"19":0,"20":0,"21":0,"22":2,"23":3,"24":3,"25":3,"26":3,"27":3,"28":7,"29":4523,"30":7,"31":7,"32":7,"33":3,"34":0,"35":2,"36":1,"37":1,"38":1,"39":1,"40":1,"41":1,"42":3,"43":3,"44":3,"45":3,"46":1,"47":1,"48":2,"49":2,"50":2,"51":2,"52":2,"53":0,"54":0},"f":{"0":0,"1":0,"2":0,"3":0,"4":0,"5":3,"6":3,"7":3,"8":4523,"9":0,"10":1,"11":1,"12":2,"13":2,"14":2,"15":0},"b":{"0":[0,0],"1":[0,0],"2":[0,0],"3":[0,0],"4":[7,4516]},"_coverageSchema":"1a1c01bbd47fc00a2c39e90264f33305004495a9","hash":"0ee33c9fc9caad7ca8908c8d5f70a5ec29ae5659"}
,"C:\\Users\\killerwpor\\Desktop\\AOS\\FsTest-Back\\controllers\\userController.js": {"path":"C:\\Users\\killerwpor\\Desktop\\AOS\\FsTest-Back\\controllers\\userController.js","statementMap":{"0":{"start":{"line":2,"column":12},"end":{"line":2,"column":35}},"1":{"start":{"line":3,"column":33},"end":{"line":3,"column":55}},"2":{"start":{"line":4,"column":15},"end":{"line":4,"column":32}},"3":{"start":{"line":5,"column":14},"end":{"line":5,"column":38}},"4":{"start":{"line":6,"column":23},"end":{"line":6,"column":63}},"5":{"start":{"line":8,"column":0},"end":{"line":37,"column":2}},"6":{"start":{"line":9,"column":23},"end":{"line":9,"column":49}},"7":{"start":{"line":10,"column":21},"end":{"line":10,"column":76}},"8":{"start":{"line":11,"column":2},"end":{"line":36,"column":3}},"9":{"start":{"line":13,"column":17},"end":{"line":32,"column":29}},"10":{"start":{"line":17,"column":21},"end":{"line":19,"column":33}},"11":{"start":{"line":21,"column":31},"end":{"line":25,"column":9}},"12":{"start":{"line":26,"column":25},"end":{"line":28,"column":33}},"13":{"start":{"line":30,"column":8},"end":{"line":30,"column":24}},"14":{"start":{"line":35,"column":4},"end":{"line":35,"column":42}},"15":{"start":{"line":39,"column":0},"end":{"line":85,"column":2}},"16":{"start":{"line":40,"column":2},"end":{"line":84,"column":7}},"17":{"start":{"line":47,"column":6},"end":{"line":73,"column":7}},"18":{"start":{"line":49,"column":8},"end":{"line":49,"column":24}},"19":{"start":{"line":51,"column":24},"end":{"line":53,"column":9}},"20":{"start":{"line":54,"column":22},"end":{"line":56,"column":10}},"21":{"start":{"line":57,"column":8},"end":{"line":64,"column":9}},"22":{"start":{"line":58,"column":10},"end":{"line":61,"column":12}},"23":{"start":{"line":63,"column":10},"end":{"line":63,"column":27}},"24":{"start":{"line":65,"column":8},"end":{"line":68,"column":11}},"25":{"start":{"line":70,"column":8},"end":{"line":72,"column":11}},"26":{"start":{"line":76,"column":6},"end":{"line":83,"column":11}},"27":{"start":{"line":77,"column":8},"end":{"line":79,"column":11}},"28":{"start":{"line":81,"column":8},"end":{"line":83,"column":11}},"29":{"start":{"line":87,"column":0},"end":{"line":133,"column":2}},"30":{"start":{"line":89,"column":21},"end":{"line":89,"column":49}},"31":{"start":{"line":90,"column":16},"end":{"line":90,"column":54}},"32":{"start":{"line":91,"column":15},"end":{"line":91,"column":53}},"33":{"start":{"line":92,"column":2},"end":{"line":132,"column":3}},"34":{"start":{"line":94,"column":18},"end":{"line":108,"column":6}},"35":{"start":{"line":112,"column":27},"end":{"line":118,"column":6}},"36":{"start":{"line":119,"column":35},"end":{"line":122,"column":5}},"37":{"start":{"line":125,"column":4},"end":{"line":127,"column":5}},"38":{"start":{"line":126,"column":6},"end":{"line":126,"column":52}},"39":{"start":{"line":129,"column":4},"end":{"line":129,"column":22}},"40":{"start":{"line":131,"column":4},"end":{"line":131,"column":33}},"41":{"start":{"line":135,"column":0},"end":{"line":193,"column":2}},"42":{"start":{"line":137,"column":21},"end":{"line":137,"column":49}},"43":{"start":{"line":138,"column":16},"end":{"line":138,"column":54}},"44":{"start":{"line":139,"column":15},"end":{"line":139,"column":53}},"45":{"start":{"line":140,"column":2},"end":{"line":192,"column":3}},"46":{"start":{"line":142,"column":18},"end":{"line":157,"column":6}},"47":{"start":{"line":161,"column":27},"end":{"line":167,"column":6}},"48":{"start":{"line":169,"column":35},"end":{"line":172,"column":5}},"49":{"start":{"line":175,"column":4},"end":{"line":177,"column":5}},"50":{"start":{"line":176,"column":6},"end":{"line":176,"column":52}},"51":{"start":{"line":180,"column":4},"end":{"line":180,"column":58}},"52":{"start":{"line":180,"column":37},"end":{"line":180,"column":56}},"53":{"start":{"line":181,"column":4},"end":{"line":181,"column":34}},"54":{"start":{"line":184,"column":4},"end":{"line":186,"column":5}},"55":{"start":{"line":185,"column":6},"end":{"line":185,"column":60}},"56":{"start":{"line":185,"column":39},"end":{"line":185,"column":58}},"57":{"start":{"line":189,"column":4},"end":{"line":189,"column":22}},"58":{"start":{"line":191,"column":4},"end":{"line":191,"column":33}}},"fnMap":{"0":{"name":"(anonymous_0)","decl":{"start":{"line":8,"column":25},"end":{"line":8,"column":26}},"loc":{"start":{"line":8,"column":45},"end":{"line":37,"column":1}},"line":8},"1":{"name":"(anonymous_1)","decl":{"start":{"line":14,"column":12},"end":{"line":14,"column":13}},"loc":{"start":{"line":14,"column":29},"end":{"line":31,"column":7}},"line":14},"2":{"name":"(anonymous_2)","decl":{"start":{"line":18,"column":16},"end":{"line":18,"column":17}},"loc":{"start":{"line":18,"column":33},"end":{"line":18,"column":35}},"line":18},"3":{"name":"(anonymous_3)","decl":{"start":{"line":19,"column":17},"end":{"line":19,"column":18}},"loc":{"start":{"line":19,"column":30},"end":{"line":19,"column":32}},"line":19},"4":{"name":"(anonymous_4)","decl":{"start":{"line":27,"column":16},"end":{"line":27,"column":17}},"loc":{"start":{"line":27,"column":33},"end":{"line":27,"column":35}},"line":27},"5":{"name":"(anonymous_5)","decl":{"start":{"line":28,"column":17},"end":{"line":28,"column":18}},"loc":{"start":{"line":28,"column":30},"end":{"line":28,"column":32}},"line":28},"6":{"name":"(anonymous_6)","decl":{"start":{"line":32,"column":13},"end":{"line":32,"column":14}},"loc":{"start":{"line":32,"column":26},"end":{"line":32,"column":28}},"line":32},"7":{"name":"(anonymous_7)","decl":{"start":{"line":39,"column":16},"end":{"line":39,"column":17}},"loc":{"start":{"line":39,"column":36},"end":{"line":85,"column":1}},"line":39},"8":{"name":"(anonymous_8)","decl":{"start":{"line":46,"column":10},"end":{"line":46,"column":11}},"loc":{"start":{"line":46,"column":30},"end":{"line":74,"column":5}},"line":46},"9":{"name":"(anonymous_9)","decl":{"start":{"line":75,"column":11},"end":{"line":75,"column":12}},"loc":{"start":{"line":75,"column":24},"end":{"line":84,"column":5}},"line":75},"10":{"name":"(anonymous_10)","decl":{"start":{"line":87,"column":24},"end":{"line":87,"column":25}},"loc":{"start":{"line":87,"column":44},"end":{"line":133,"column":1}},"line":87},"11":{"name":"(anonymous_11)","decl":{"start":{"line":135,"column":25},"end":{"line":135,"column":26}},"loc":{"start":{"line":135,"column":45},"end":{"line":193,"column":1}},"line":135},"12":{"name":"(anonymous_12)","decl":{"start":{"line":180,"column":27},"end":{"line":180,"column":28}},"loc":{"start":{"line":180,"column":37},"end":{"line":180,"column":56}},"line":180},"13":{"name":"(anonymous_13)","decl":{"start":{"line":185,"column":29},"end":{"line":185,"column":30}},"loc":{"start":{"line":185,"column":39},"end":{"line":185,"column":58}},"line":185}},"branchMap":{"0":{"loc":{"start":{"line":11,"column":2},"end":{"line":36,"column":3}},"type":"if","locations":[{"start":{"line":11,"column":2},"end":{"line":36,"column":3}},{"start":{"line":11,"column":2},"end":{"line":36,"column":3}}],"line":11},"1":{"loc":{"start":{"line":47,"column":6},"end":{"line":73,"column":7}},"type":"if","locations":[{"start":{"line":47,"column":6},"end":{"line":73,"column":7}},{"start":{"line":47,"column":6},"end":{"line":73,"column":7}}],"line":47},"2":{"loc":{"start":{"line":76,"column":6},"end":{"line":83,"column":11}},"type":"if","locations":[{"start":{"line":76,"column":6},"end":{"line":83,"column":11}},{"start":{"line":76,"column":6},"end":{"line":83,"column":11}}],"line":76},"3":{"loc":{"start":{"line":90,"column":16},"end":{"line":90,"column":54}},"type":"binary-expr","locations":[{"start":{"line":90,"column":16},"end":{"line":90,"column":26}},{"start":{"line":90,"column":30},"end":{"line":90,"column":54}}],"line":90},"4":{"loc":{"start":{"line":92,"column":2},"end":{"line":132,"column":3}},"type":"if","locations":[{"start":{"line":92,"column":2},"end":{"line":132,"column":3}},{"start":{"line":92,"column":2},"end":{"line":132,"column":3}}],"line":92},"5":{"loc":{"start":{"line":92,"column":6},"end":{"line":92,"column":47}},"type":"binary-expr","locations":[{"start":{"line":92,"column":6},"end":{"line":92,"column":24}},{"start":{"line":92,"column":28},"end":{"line":92,"column":47}}],"line":92},"6":{"loc":{"start":{"line":138,"column":16},"end":{"line":138,"column":54}},"type":"binary-expr","locations":[{"start":{"line":138,"column":16},"end":{"line":138,"column":26}},{"start":{"line":138,"column":30},"end":{"line":138,"column":54}}],"line":138},"7":{"loc":{"start":{"line":140,"column":2},"end":{"line":192,"column":3}},"type":"if","locations":[{"start":{"line":140,"column":2},"end":{"line":192,"column":3}},{"start":{"line":140,"column":2},"end":{"line":192,"column":3}}],"line":140},"8":{"loc":{"start":{"line":140,"column":6},"end":{"line":140,"column":47}},"type":"binary-expr","locations":[{"start":{"line":140,"column":6},"end":{"line":140,"column":24}},{"start":{"line":140,"column":28},"end":{"line":140,"column":47}}],"line":140},"9":{"loc":{"start":{"line":184,"column":4},"end":{"line":186,"column":5}},"type":"if","locations":[{"start":{"line":184,"column":4},"end":{"line":186,"column":5}},{"start":{"line":184,"column":4},"end":{"line":186,"column":5}}],"line":184}},"s":{"0":1,"1":1,"2":1,"3":1,"4":1,"5":1,"6":1,"7":1,"8":1,"9":1,"10":1,"11":1,"12":1,"13":1,"14":0,"15":1,"16":2,"17":2,"18":2,"19":2,"20":2,"21":2,"22":2,"23":0,"24":2,"25":0,"26":0,"27":0,"28":0,"29":1,"30":1,"31":1,"32":1,"33":1,"34":0,"35":0,"36":0,"37":0,"38":0,"39":0,"40":1,"41":1,"42":0,"43":0,"44":0,"45":0,"46":0,"47":0,"48":0,"49":0,"50":0,"51":0,"52":0,"53":0,"54":0,"55":0,"56":0,"57":0,"58":0},"f":{"0":1,"1":1,"2":0,"3":1,"4":1,"5":0,"6":0,"7":2,"8":2,"9":0,"10":1,"11":0,"12":0,"13":0},"b":{"0":[1,0],"1":[2,0],"2":[0,0],"3":[1,1],"4":[0,1],"5":[1,1],"6":[0,0],"7":[0,0],"8":[0,0],"9":[0,0]},"_coverageSchema":"1a1c01bbd47fc00a2c39e90264f33305004495a9","hash":"15cec6276647d8c2ae644f17b14125242af57a73"}
,"C:\\Users\\killerwpor\\Desktop\\AOS\\FsTest-Back\\models\\coins.js": {"path":"C:\\Users\\killerwpor\\Desktop\\AOS\\FsTest-Back\\models\\coins.js","statementMap":{"0":{"start":{"line":1,"column":22},"end":{"line":1,"column":42}},"1":{"start":{"line":3,"column":0},"end":{"line":19,"column":2}},"2":{"start":{"line":4,"column":2},"end":{"line":18,"column":5}}},"fnMap":{"0":{"name":"(anonymous_0)","decl":{"start":{"line":3,"column":17},"end":{"line":3,"column":18}},"loc":{"start":{"line":3,"column":38},"end":{"line":19,"column":1}},"line":3}},"branchMap":{},"s":{"0":2,"1":2,"2":2},"f":{"0":2},"b":{},"_coverageSchema":"1a1c01bbd47fc00a2c39e90264f33305004495a9","hash":"7b86c1cee995e0f9f4763ea954928cd65ac158a7"}
,"C:\\Users\\killerwpor\\Desktop\\AOS\\FsTest-Back\\models\\user-coin.js": {"path":"C:\\Users\\killerwpor\\Desktop\\AOS\\FsTest-Back\\models\\user-coin.js","statementMap":{"0":{"start":{"line":1,"column":22},"end":{"line":1,"column":42}},"1":{"start":{"line":3,"column":0},"end":{"line":11,"column":2}},"2":{"start":{"line":4,"column":2},"end":{"line":10,"column":5}}},"fnMap":{"0":{"name":"(anonymous_0)","decl":{"start":{"line":3,"column":17},"end":{"line":3,"column":18}},"loc":{"start":{"line":3,"column":38},"end":{"line":11,"column":1}},"line":3}},"branchMap":{},"s":{"0":2,"1":2,"2":2},"f":{"0":2},"b":{},"_coverageSchema":"1a1c01bbd47fc00a2c39e90264f33305004495a9","hash":"3ff97166ae4239b32689a7e232aa6fa468b166e7"}
,"C:\\Users\\killerwpor\\Desktop\\AOS\\FsTest-Back\\models\\users.js": {"path":"C:\\Users\\killerwpor\\Desktop\\AOS\\FsTest-Back\\models\\users.js","statementMap":{"0":{"start":{"line":1,"column":22},"end":{"line":1,"column":42}},"1":{"start":{"line":3,"column":0},"end":{"line":37,"column":2}},"2":{"start":{"line":4,"column":2},"end":{"line":36,"column":5}}},"fnMap":{"0":{"name":"(anonymous_0)","decl":{"start":{"line":3,"column":17},"end":{"line":3,"column":18}},"loc":{"start":{"line":3,"column":38},"end":{"line":37,"column":1}},"line":3}},"branchMap":{},"s":{"0":2,"1":2,"2":2},"f":{"0":2},"b":{},"_coverageSchema":"1a1c01bbd47fc00a2c39e90264f33305004495a9","hash":"2139f25456cbb1faa6aea63175f9f29075080302"}
}
