TN:
SF:dbConfig.js
FN:26,(anonymous_0)
FNF:1
FNH:1
FNDA:1,(anonymous_0)
DA:1,2
DA:2,2
DA:4,2
DA:5,2
DA:6,2
DA:8,2
DA:14,2
DA:15,2
DA:16,2
DA:18,2
DA:19,2
DA:21,2
DA:30,2
LF:13
LH:13
BRF:0
BRH:0
end_of_record
TN:
SF:controllers\coinController.js
FN:5,(anonymous_0)
FN:22,(anonymous_1)
FN:23,(anonymous_2)
FN:32,(anonymous_3)
FN:35,(anonymous_4)
FN:48,(anonymous_5)
FN:49,(anonymous_6)
FN:62,(anonymous_7)
FN:65,(anonymous_8)
FN:79,(anonymous_9)
FN:85,(anonymous_10)
FN:119,(anonymous_11)
FN:124,(anonymous_12)
FN:125,(anonymous_13)
FN:143,(anonymous_14)
FN:146,(anonymous_15)
FNF:16
FNH:9
FNDA:0,(anonymous_0)
FNDA:0,(anonymous_1)
FNDA:0,(anonymous_2)
FNDA:0,(anonymous_3)
FNDA:0,(anonymous_4)
FNDA:3,(anonymous_5)
FNDA:3,(anonymous_6)
FNDA:3,(anonymous_7)
FNDA:4523,(anonymous_8)
FNDA:0,(anonymous_9)
FNDA:1,(anonymous_10)
FNDA:1,(anonymous_11)
FNDA:2,(anonymous_12)
FNDA:2,(anonymous_13)
FNDA:2,(anonymous_14)
FNDA:0,(anonymous_15)
DA:2,2
DA:3,2
DA:5,2
DA:7,0
DA:8,0
DA:10,0
DA:13,0
DA:14,0
DA:15,0
DA:16,0
DA:17,0
DA:18,0
DA:19,0
DA:21,0
DA:24,0
DA:27,0
DA:31,0
DA:33,0
DA:36,0
DA:37,0
DA:41,0
DA:44,0
DA:48,2
DA:49,3
DA:50,3
DA:60,3
DA:63,3
DA:64,3
DA:65,7
DA:66,4523
DA:67,7
DA:72,7
DA:73,7
DA:77,3
DA:80,0
DA:85,2
DA:86,1
DA:87,1
DA:98,1
DA:99,1
DA:101,1
DA:102,1
DA:103,3
DA:114,3
DA:115,3
DA:116,3
DA:119,1
DA:120,1
DA:124,2
DA:125,2
DA:126,2
DA:141,2
DA:144,2
DA:147,0
DA:148,0
LF:55
LH:33
BRDA:13,0,0,0
BRDA:13,0,1,0
BRDA:15,1,0,0
BRDA:15,1,1,0
BRDA:15,2,0,0
BRDA:15,2,1,0
BRDA:19,3,0,0
BRDA:19,3,1,0
BRDA:66,4,0,7
BRDA:66,4,1,4516
BRF:10
BRH:2
end_of_record
TN:
SF:controllers\userController.js
FN:8,(anonymous_0)
FN:14,(anonymous_1)
FN:18,(anonymous_2)
FN:19,(anonymous_3)
FN:27,(anonymous_4)
FN:28,(anonymous_5)
FN:32,(anonymous_6)
FN:39,(anonymous_7)
FN:46,(anonymous_8)
FN:75,(anonymous_9)
FN:87,(anonymous_10)
FN:135,(anonymous_11)
FN:180,(anonymous_12)
FN:185,(anonymous_13)
FNF:14
FNH:7
FNDA:1,(anonymous_0)
FNDA:1,(anonymous_1)
FNDA:0,(anonymous_2)
FNDA:1,(anonymous_3)
FNDA:1,(anonymous_4)
FNDA:0,(anonymous_5)
FNDA:0,(anonymous_6)
FNDA:2,(anonymous_7)
FNDA:2,(anonymous_8)
FNDA:0,(anonymous_9)
FNDA:1,(anonymous_10)
FNDA:0,(anonymous_11)
FNDA:0,(anonymous_12)
FNDA:0,(anonymous_13)
DA:2,1
DA:3,1
DA:4,1
DA:5,1
DA:6,1
DA:8,1
DA:9,1
DA:10,1
DA:11,1
DA:13,1
DA:17,1
DA:21,1
DA:26,1
DA:30,1
DA:35,0
DA:39,1
DA:40,2
DA:47,2
DA:49,2
DA:51,2
DA:54,2
DA:57,2
DA:58,2
DA:63,0
DA:65,2
DA:70,0
DA:76,0
DA:77,0
DA:81,0
DA:87,1
DA:89,1
DA:90,1
DA:91,1
DA:92,1
DA:94,0
DA:112,0
DA:119,0
DA:125,0
DA:126,0
DA:129,0
DA:131,1
DA:135,1
DA:137,0
DA:138,0
DA:139,0
DA:140,0
DA:142,0
DA:161,0
DA:169,0
DA:175,0
DA:176,0
DA:180,0
DA:181,0
DA:184,0
DA:185,0
DA:189,0
DA:191,0
LF:57
LH:30
BRDA:11,0,0,1
BRDA:11,0,1,0
BRDA:47,1,0,2
BRDA:47,1,1,0
BRDA:76,2,0,0
BRDA:76,2,1,0
BRDA:90,3,0,1
BRDA:90,3,1,1
BRDA:92,4,0,0
BRDA:92,4,1,1
BRDA:92,5,0,1
BRDA:92,5,1,1
BRDA:138,6,0,0
BRDA:138,6,1,0
BRDA:140,7,0,0
BRDA:140,7,1,0
BRDA:140,8,0,0
BRDA:140,8,1,0
BRDA:184,9,0,0
BRDA:184,9,1,0
BRF:20
BRH:7
end_of_record
TN:
SF:models\coins.js
FN:3,(anonymous_0)
FNF:1
FNH:1
FNDA:2,(anonymous_0)
DA:1,2
DA:3,2
DA:4,2
LF:3
LH:3
BRF:0
BRH:0
end_of_record
TN:
SF:models\user-coin.js
FN:3,(anonymous_0)
FNF:1
FNH:1
FNDA:2,(anonymous_0)
DA:1,2
DA:3,2
DA:4,2
LF:3
LH:3
BRF:0
BRH:0
end_of_record
TN:
SF:models\users.js
FN:3,(anonymous_0)
FNF:1
FNH:1
FNDA:2,(anonymous_0)
DA:1,2
DA:3,2
DA:4,2
LF:3
LH:3
BRF:0
BRH:0
end_of_record
